<?xml version="1.0" encoding="UTF-8"?>
<!-- Generated by org.testng.reporters.JUnitReportReporter -->
<testsuite skipped="0" hostname="DESKTOP-KM30SPA" name="automobileModule.TC_AM_EnterVehicleData_009_Test" tests="5" failures="0" timestamp="2023-01-24T17:21:38 IST" time="14.544" errors="0">
  <testcase name="TC_AM_EnterVehicleData_009" time="4.025" classname="automobileModule.TC_AM_EnterVehicleData_009_Test"/>
  <system-out>
TC_AM_EnterVehicleData_009_Test Automobile module page is displayed successfully Positive data1is accepted and tick icon is displayed successfully  </system-out>
  <testcase name="TC_AM_EnterVehicleData_009" time="2.421" classname="automobileModule.TC_AM_EnterVehicleData_009_Test"/>
  <system-out>
TC_AM_EnterVehicleData_009_Test Automobile module page is displayed successfully Positive data2000is accepted and tick icon is displayed successfully  </system-out>
  <testcase name="TC_AM_EnterVehicleData_009" time="2.442" classname="automobileModule.TC_AM_EnterVehicleData_009_Test"/>
  <system-out>
TC_AM_EnterVehicleData_009_Test Automobile module page is displayed successfully Positive data1200is accepted and tick icon is displayed successfully  </system-out>
  <testcase name="TC_AM_EnterVehicleData_009" time="2.269" classname="automobileModule.TC_AM_EnterVehicleData_009_Test"/>
  <system-out>
TC_AM_EnterVehicleData_009_Test Automobile module page is displayed successfully Positive data999is accepted and tick icon is displayed successfully  </system-out>
  <testcase name="TC_AM_EnterVehicleData_009" time="3.387" classname="automobileModule.TC_AM_EnterVehicleData_009_Test"/>
  <system-out>
TC_AM_EnterVehicleData_009_Test Automobile module page is displayed successfully Positive data12is accepted and tick icon is displayed successfully  </system-out>
</testsuite> <!-- automobileModule.TC_AM_EnterVehicleData_009_Test -->
