<?xml version="1.0" encoding="UTF-8"?>
<!-- Generated by org.testng.reporters.JUnitReportReporter -->
<testsuite skipped="0" hostname="DESKTOP-KM30SPA" name="automobileModule.TC_AM_EnterVehicleData_001_Test" tests="1" failures="0" timestamp="2023-01-24T10:38:26 IST" time="6.672" errors="0">
  <testcase name="TC_AM_EnterVehicleData_001" time="6.672" classname="automobileModule.TC_AM_EnterVehicleData_001_Test"/>
  <system-out>
    <![CDATA[Automobile module page is displayed successfully
Make label is displayed
Make Label is matched]]>
  </system-out>
</testsuite> <!-- automobileModule.TC_AM_EnterVehicleData_001_Test -->
