<?xml version="1.0" encoding="UTF-8"?>
<!-- Generated by org.testng.reporters.JUnitReportReporter -->
<testsuite skipped="0" hostname="DESKTOP-KM30SPA" name="automobileModule.TC_AM_EnterInsurantData_013_Test" tests="1" failures="0" timestamp="2023-01-24T15:32:18 IST" time="10.764" errors="0">
  <testcase name="TC_AM_EnterInsurantData_013" time="10.764" classname="automobileModule.TC_AM_EnterInsurantData_013_Test"/>
  <system-out>
Automobile module page is displayed successfully Female label of radio button is displayed successfully  </system-out>
</testsuite> <!-- automobileModule.TC_AM_EnterInsurantData_013_Test -->
