<?xml version="1.0" encoding="UTF-8"?>
<!-- Generated by org.testng.reporters.JUnitReportReporter -->
<testsuite skipped="0" hostname="DESKTOP-KM30SPA" name="automobileModule.TC_AM_EnterVehicleData_009" tests="5" failures="0" timestamp="2023-01-24T09:34:35 IST" time="9.758" errors="0">
  <testcase name="TC_AM_EnterVehicleData_009to_013" time="2.410" classname="automobileModule.TC_AM_EnterVehicleData_009"/>
  <system-out>
Automobile module page is displayed successfully  </system-out>
  <testcase name="TC_AM_EnterVehicleData_009to_013" time="3.356" classname="automobileModule.TC_AM_EnterVehicleData_009"/>
  <system-out>
Automobile module page is displayed successfully  </system-out>
  <testcase name="TC_AM_EnterVehicleData_009to_013" time="0.776" classname="automobileModule.TC_AM_EnterVehicleData_009"/>
  <system-out>
Automobile module page is displayed successfully  </system-out>
  <testcase name="TC_AM_EnterVehicleData_009to_013" time="0.880" classname="automobileModule.TC_AM_EnterVehicleData_009"/>
  <system-out>
Automobile module page is displayed successfully  </system-out>
  <testcase name="TC_AM_EnterVehicleData_009to_013" time="2.336" classname="automobileModule.TC_AM_EnterVehicleData_009"/>
  <system-out>
Automobile module page is displayed successfully  </system-out>
</testsuite> <!-- automobileModule.TC_AM_EnterVehicleData_009 -->
