<?xml version="1.0" encoding="UTF-8"?>
<!-- Generated by org.testng.reporters.JUnitReportReporter -->
<testsuite skipped="0" hostname="DESKTOP-KM30SPA" name="automobileModule.TC_AM_EnterInsurantData_014_Test" tests="1" failures="0" timestamp="2023-01-24T16:17:04 IST" time="9.286" errors="0">
  <testcase name="TC_AM_EnterInsurantData_013" time="9.286" classname="automobileModule.TC_AM_EnterInsurantData_014_Test"/>
  <system-out>
Automobile module page is displayed successfully  </system-out>
</testsuite> <!-- automobileModule.TC_AM_EnterInsurantData_014_Test -->
