<?xml version="1.0" encoding="UTF-8"?>
<!-- Generated by org.testng.reporters.JUnitReportReporter -->
<testsuite skipped="0" hostname="DESKTOP-KM30SPA" name="automobileModule.TC_AM_EnterVehicleData_003" tests="1" failures="0" timestamp="2023-01-23T16:49:52 IST" time="4.013" errors="0">
  <testcase name="make" time="4.013" classname="automobileModule.TC_AM_EnterVehicleData_003"/>
  <system-out>
Automobile module page is displayed successfully Make dropdown is Multiple: false  </system-out>
</testsuite> <!-- automobileModule.TC_AM_EnterVehicleData_003 -->
