<?xml version="1.0" encoding="UTF-8"?>
<!-- Generated by org.testng.reporters.JUnitReportReporter -->
<testsuite skipped="0" hostname="DESKTOP-KM30SPA" name="automobileModule.TC_AM_EnterVehicleData_001_Test" tests="1" failures="0" timestamp="2023-01-24T18:11:25 IST" time="4.843" errors="0">
  <testcase name="make" time="4.843" classname="automobileModule.TC_AM_EnterVehicleData_001_Test"/>
  <system-out>
TC_AM_EnterVehicleData_001_Test Automobile module page is displayed successfully Make label is displayed Make Label is matched  </system-out>
</testsuite> <!-- automobileModule.TC_AM_EnterVehicleData_001_Test -->
