<?xml version="1.0" encoding="UTF-8"?>
<!-- Generated by org.testng.reporters.JUnitReportReporter -->
<testsuite skipped="0" hostname="DESKTOP-KM30SPA" name="automobileModule.TC_AM_EnterVehicleData_010" tests="7" failures="0" timestamp="2023-01-24T09:45:59 IST" time="14.213" errors="0">
  <testcase name="TC_AM_EnterVehicleData_014to_020" time="1.261" classname="automobileModule.TC_AM_EnterVehicleData_010"/>
  <system-out>
Automobile module page is displayed successfully Must be a number between 1 and 2000 error message displayed properly  </system-out>
  <testcase name="TC_AM_EnterVehicleData_014to_020" time="2.755" classname="automobileModule.TC_AM_EnterVehicleData_010"/>
  <system-out>
Automobile module page is displayed successfully Must be a number between 1 and 2000 error message displayed properly  </system-out>
  <testcase name="TC_AM_EnterVehicleData_014to_020" time="2.808" classname="automobileModule.TC_AM_EnterVehicleData_010"/>
  <system-out>
Automobile module page is displayed successfully Must be a number between 1 and 2000 error message displayed properly  </system-out>
  <testcase name="TC_AM_EnterVehicleData_014to_020" time="3.151" classname="automobileModule.TC_AM_EnterVehicleData_010"/>
  <system-out>
Automobile module page is displayed successfully Must be a number between 1 and 2000 error message displayed properly  </system-out>
  <testcase name="TC_AM_EnterVehicleData_014to_020" time="2.158" classname="automobileModule.TC_AM_EnterVehicleData_010"/>
  <system-out>
Automobile module page is displayed successfully Must be a number between 1 and 2000 error message displayed properly  </system-out>
  <testcase name="TC_AM_EnterVehicleData_014to_020" time="1.157" classname="automobileModule.TC_AM_EnterVehicleData_010"/>
  <system-out>
Automobile module page is displayed successfully Must be a number between 1 and 2000 error message displayed properly  </system-out>
  <testcase name="TC_AM_EnterVehicleData_014to_020" time="0.923" classname="automobileModule.TC_AM_EnterVehicleData_010"/>
  <system-out>
Automobile module page is displayed successfully Must be a number between 1 and 2000 error message displayed properly  </system-out>
</testsuite> <!-- automobileModule.TC_AM_EnterVehicleData_010 -->
