<?xml version="1.0" encoding="UTF-8"?>
<!-- Generated by org.testng.reporters.JUnitReportReporter -->
<testsuite skipped="0" hostname="DESKTOP-KM30SPA" name="automobileModule.TC_AM_EnterVehicleData_006" tests="1" failures="0" timestamp="2023-01-23T18:16:49 IST" time="4.658" errors="0">
  <testcase name="TC_AM_EnterVehicleData_006" time="4.658" classname="automobileModule.TC_AM_EnterVehicleData_006"/>
  <system-out>
Automobile module page is displayed successfully – please select –  </system-out>
</testsuite> <!-- automobileModule.TC_AM_EnterVehicleData_006 -->
