<?xml version="1.0" encoding="UTF-8"?>
<!-- Generated by org.testng.reporters.JUnitReportReporter -->
<testsuite skipped="0" hostname="DESKTOP-KM30SPA" name="automobileModule.TC_AM_EnterVehicleData_005" tests="1" failures="0" timestamp="2023-01-23T16:55:17 IST" time="4.907" errors="0">
  <testcase name="make" time="4.907" classname="automobileModule.TC_AM_EnterVehicleData_005"/>
  <system-out>
Automobile module page is displayed successfully Select an option message displayed properly  </system-out>
</testsuite> <!-- automobileModule.TC_AM_EnterVehicleData_005 -->
