<?xml version="1.0" encoding="UTF-8"?>
<!-- Generated by org.testng.reporters.JUnitReportReporter -->
<testsuite skipped="0" hostname="DESKTOP-KM30SPA" name="automobileModule.TC_AM_EnterVehicleData_007" tests="1" failures="0" timestamp="2023-01-23T18:21:04 IST" time="4.201" errors="0">
  <testcase name="TC_AM_EnterVehicleData_007" time="4.201" classname="automobileModule.TC_AM_EnterVehicleData_007"/>
  <system-out>
Automobile module page is displayed successfully Engine Performance textbox Label is matched  </system-out>
</testsuite> <!-- automobileModule.TC_AM_EnterVehicleData_007 -->
