<?xml version="1.0" encoding="UTF-8"?>
<!-- Generated by org.testng.reporters.JUnitReportReporter -->
<testsuite skipped="0" hostname="DESKTOP-KM30SPA" name="practi.GucciTest" tests="1" failures="0" timestamp="2023-01-19T16:13:40 IST" time="129.056" errors="0">
  <testcase name="gucci" time="129.056" classname="practi.GucciTest"/>
  <system-out/>
</testsuite> <!-- practi.GucciTest -->
