<?xml version="1.0" encoding="UTF-8"?>
<!-- Generated by org.testng.reporters.JUnitReportReporter -->
<testsuite skipped="0" hostname="DESKTOP-KM30SPA" name="automobileModule.TC_AM_EnterInsurantData_011_Test" tests="1" failures="0" timestamp="2023-01-24T15:19:16 IST" time="6.257" errors="0">
  <testcase name="TC_AM_EnterInsurantData_011" time="6.257" classname="automobileModule.TC_AM_EnterInsurantData_011_Test"/>
  <system-out>
Automobile module page is displayed successfully Automobile Enter Insurant page is not displayed successfully Gender radio button label is matched  </system-out>
</testsuite> <!-- automobileModule.TC_AM_EnterInsurantData_011_Test -->
