<?xml version="1.0" encoding="UTF-8"?>
<!-- Generated by org.testng.reporters.JUnitReportReporter -->
<testsuite skipped="0" hostname="DESKTOP-KM30SPA" name="automobileModule.TC_AM_EnterVehicleData_008" tests="1" failures="0" timestamp="2023-01-24T09:25:58 IST" time="6.956" errors="0">
  <testcase name="TC_AM_EnterVehicleData_008" time="6.956" classname="automobileModule.TC_AM_EnterVehicleData_008"/>
  <system-out>
Automobile module page is displayed successfully This field is mandatory message displayed properly  </system-out>
</testsuite> <!-- automobileModule.TC_AM_EnterVehicleData_008 -->
