<?xml version="1.0" encoding="UTF-8"?>
<!-- Generated by org.testng.reporters.JUnitReportReporter -->
<testsuite skipped="0" hostname="DESKTOP-KM30SPA" name="automobileModule.TC_AM_EnterVehicleData_002_Test" tests="1" failures="0" timestamp="2023-01-24T13:12:37 IST" time="11.298" errors="0">
  <testcase name="TC_AM_EnterVehicleData_002" time="11.298" classname="automobileModule.TC_AM_EnterVehicleData_002_Test"/>
  <system-out>
Automobile module page is displayed successfully Make dropdown options are matched with the requriment  </system-out>
</testsuite> <!-- automobileModule.TC_AM_EnterVehicleData_002_Test -->
